Synthesizing design: load_buffer.sv
dc_shell-t -x "source -echo do_mapping.tcl"
                                        
                           Design Compiler Graphical 
                                 DC Ultra (TM)
                                  DFTMAX (TM)
                              Power Compiler (TM)
                                 DesignWare (R)
                                 DC Expert (TM)
                               Design Vision (TM)
                               HDL Compiler (TM)
                               VHDL Compiler (TM)
                                  DFT Compiler
                               Design Compiler(R)
                                        
               Version K-2015.06-SP1 for linux64 - Jul 21, 2015 
                                        
                    Copyright (c) 1988 - 2015 Synopsys, Inc.
   This software and the associated documentation are proprietary to Synopsys,
 Inc. This software may only be used in accordance with the terms and conditions
 of a written license agreement with Synopsys, Inc. All other use, reproduction,
            or distribution of this software is strictly prohibited.
Initializing...
# Step 1:  Read in the source file
analyze -format sverilog -lib WORK {work_buffer.sv flex_counter.sv load_buffer.sv}
Running PRESTO HDLC
Compiling source file ./source/work_buffer.sv
Compiling source file ./source/flex_counter.sv
Compiling source file ./source/load_buffer.sv
Presto compilation completed successfully.
Loading db file '/package/eda/cells/OSU/v2.7/synopsys/lib/ami05/osu05_stdcells.db'
Loading db file '/package/eda/synopsys/syn-K-2015.06-SP1/libraries/syn/dw_foundation.sldb'
elaborate load_buffer -lib WORK
Loading db file '/package/eda/synopsys/syn-K-2015.06-SP1/libraries/syn/gtech.db'
Loading db file '/package/eda/synopsys/syn-K-2015.06-SP1/libraries/syn/standard.sldb'
  Loading link library 'osu05_stdcells'
  Loading link library 'gtech'
Running PRESTO HDLC

Statistics for case statements in always block at line 215 in file
	'./source/load_buffer.sv'
===============================================
|           Line           |  full/ parallel  |
===============================================
|           360            |    auto/auto     |
===============================================

Inferred memory devices in process
	in routine load_buffer line 42 in file
		'./source/load_buffer.sv'.
===============================================================================
|    Register Name    |   Type    | Width | Bus | MB | AR | AS | SR | SS | ST |
===============================================================================
|    count_out_reg    | Flip-flop |   9   |  Y  | N  | Y  | N  | N  | N  | N  |
| buffer_out_val_reg  | Flip-flop | 1024  |  Y  | N  | Y  | N  | N  | N  | N  |
|  current_state_reg  | Flip-flop |   2   |  Y  | N  | Y  | N  | N  | N  | N  |
===============================================================================
Presto compilation completed successfully.
Elaborated 1 design.
Current design is now 'load_buffer'.
Information: Building the design 'work_buffer'. (HDL-193)
Warning:  ./source/work_buffer.sv:22: Netlist for always_ff block does not contain a flip-flop. (ELAB-976)
Presto compilation completed successfully.
uniquify
# Step 2: Set design constraints
# Uncomment below to set timing, area, power, etc. constraints
# set_max_delay <delay> -from "<input>" -to "<output>"
# set_max_area <area>
# set_max_total_power <power> mW
# Step 3: Compile the design
compile -map_effort medium
Information: Checking out the license 'DesignWare'. (SEC-104)
Information: Evaluating DesignWare library utilization. (UISN-27)

============================================================================
| DesignWare Building Block Library  |         Version         | Available |
============================================================================
| Basic DW Building Blocks           | K-2015.06-DWBB_201506.1 |     *     |
| Licensed DW Building Blocks        | K-2015.06-DWBB_201506.1 |     *     |
============================================================================


Information: There are 3 potential problems in your design. Please run 'check_design' for more information. (LINT-99)



  Beginning Pass 1 Mapping
  ------------------------
  Processing 'load_buffer'
Information: The register 'current_state_reg[1]' is a constant and will be removed. (OPT-1206)

  Updating timing information
Information: Updating design information... (UID-85)
Information: Design 'load_buffer' has no optimization constraints set. (OPT-108)

  Beginning Implementation Selection
  ----------------------------------
  Processing 'load_buffer_DW01_inc_0'

  Beginning Mapping Optimizations  (Medium effort)
  -------------------------------
  Structuring 'load_buffer'
  Mapping 'load_buffer'

                                  TOTAL                                      
   ELAPSED            WORST NEG   SETUP    DESIGN                            
    TIME      AREA      SLACK     COST    RULE COST         ENDPOINT         
  --------- --------- --------- --------- --------- -------------------------
    0:00:04 2274174.0      0.00       0.0       0.0                          
    0:00:04 2274174.0      0.00       0.0       0.0                          
    0:00:04 2274174.0      0.00       0.0       0.0                          
    0:00:04 2274174.0      0.00       0.0       0.0                          
    0:00:04 2274174.0      0.00       0.0       0.0                          
    0:00:04 2265894.0      0.00       0.0       0.0                          
    0:00:04 2265894.0      0.00       0.0       0.0                          
    0:00:04 2265894.0      0.00       0.0       0.0                          
    0:00:04 2265894.0      0.00       0.0       0.0                          
    0:00:04 2265894.0      0.00       0.0       0.0                          
    0:00:04 2265894.0      0.00       0.0       0.0                          
    0:00:04 2265894.0      0.00       0.0       0.0                          
    0:00:04 2265894.0      0.00       0.0       0.0                          



  Beginning Delay Optimization Phase
  ----------------------------------

                                  TOTAL                                      
   ELAPSED            WORST NEG   SETUP    DESIGN                            
    TIME      AREA      SLACK     COST    RULE COST         ENDPOINT         
  --------- --------- --------- --------- --------- -------------------------
    0:00:04 2265894.0      0.00       0.0       0.0                          
    0:00:04 2265894.0      0.00       0.0       0.0                          
    0:00:04 2265894.0      0.00       0.0       0.0                          


  Beginning Area-Recovery Phase  (cleanup)
  -----------------------------

                                  TOTAL                                      
   ELAPSED            WORST NEG   SETUP    DESIGN                            
    TIME      AREA      SLACK     COST    RULE COST         ENDPOINT         
  --------- --------- --------- --------- --------- -------------------------
    0:00:04 2265894.0      0.00       0.0       0.0                          
    0:00:04 2265894.0      0.00       0.0       0.0                          
    0:00:06 2265894.0      0.00       0.0       0.0                          
    0:00:06 2265894.0      0.00       0.0       0.0                          
    0:00:06 2265894.0      0.00       0.0       0.0                          
    0:00:06 2265894.0      0.00       0.0       0.0                          
    0:00:06 2265894.0      0.00       0.0       0.0                          
    0:00:06 2265894.0      0.00       0.0       0.0                          
    0:00:06 2265894.0      0.00       0.0       0.0                          
    0:00:06 2265894.0      0.00       0.0       0.0                          
    0:00:06 2265894.0      0.00       0.0       0.0                          
Loading db file '/package/eda/cells/OSU/v2.7/synopsys/lib/ami05/osu05_stdcells.db'


Note: Symbol # after min delay cost means estimated hold TNS across all active scenarios 


  Optimization Complete
  ---------------------
Warning: Design 'load_buffer' contains 2 high-fanout nets. A fanout number of 1000 will be used for delay calculations involving these nets. (TIM-134)
     Net 'clk': 1034 load(s), 1 driver(s)
     Net 'n_rst': 1034 load(s), 1 driver(s)
# Step 4: Output reports
report_timing -path full -delay max -max_paths 1 -nworst 1 > reports/load_buffer.rep
report_area >> reports/load_buffer.rep
report_power -hier >> reports/load_buffer.rep
# Step 5: Output final VHDL and Verilog files
write_file -format verilog -hierarchy -output "mapped/load_buffer.v"
Writing verilog file '/home/ecegrid/a/mg88/ece337/Project/mapped/load_buffer.v'.
echo "\nScript Done\n"

Script Done

echo "\nChecking Design\n"

Checking Design

check_design
quit

Thank you...
Done


